<?xml version="1.0" encoding="UTF-8"?>
<testng-results ignored="0" total="1" passed="1" failed="0" skipped="0">
  <reporter-output>
    <line>
      <![CDATA[hii good evening]]>
    </line>
  </reporter-output>
  <suite started-at="2024-04-20T19:23:02 IST" name="Default suite" finished-at="2024-04-20T19:23:02 IST" duration-ms="51">
    <groups>
    </groups>
    <test started-at="2024-04-20T19:23:02 IST" name="Default test" finished-at="2024-04-20T19:23:02 IST" duration-ms="51">
      <class name="testngpractice.A">
        <test-method signature="m1()[pri:0, instance:testngpractice.A@fa49800]" started-at="2024-04-20T19:23:02 IST" name="m1" finished-at="2024-04-20T19:23:02 IST" duration-ms="11" status="PASS">
          <reporter-output>
            <line>
              <![CDATA[hii good evening]]>
            </line>
          </reporter-output>
        </test-method> <!-- m1 -->
      </class> <!-- testngpractice.A -->
    </test> <!-- Default test -->
  </suite> <!-- Default suite -->
</testng-results>
